This is XeTeX, Version 3.1415926-2.3-0.9997.5 (MiKTeX 2.9) (preloaded format=xelatex 2015.12.20)  22 FEB 2016 01:06
entering extended mode
**WR-ABS-TEMP-2015A-No.013-TJx.tex
("C:\Documents\My Project\No.013\WR-ABS-TEMP-2015A-No.013-TJx.tex"
LaTeX2e <2011/06/27>
Babel <v3.8m> and hyphenation patterns for loaded.
(C:\CTEX\MiKTeX\tex\latex\base\article.cls
Document Class: article 2007/10/19 v1.4h Standard LaTeX document class
(C:\CTEX\MiKTeX\tex\latex\base\size12.clo
File: size12.clo 2007/10/19 v1.4h Standard LaTeX file (size option)
Requested font "cmr12" at 12.0pt
 -> cmr12
)
\c@part=\count80
\c@section=\count81
\c@subsection=\count82
\c@subsubsection=\count83
\c@paragraph=\count84
\c@subparagraph=\count85
\c@figure=\count86
\c@table=\count87
\abovecaptionskip=\skip41
\belowcaptionskip=\skip42
\bibindent=\dimen102
)
(C:\CTEX\MiKTeX\tex\latex\geometry\geometry.sty
Package: geometry 2010/09/12 v5.6 Page Geometry

(C:\CTEX\MiKTeX\tex\latex\graphics\keyval.sty
Package: keyval 1999/03/16 v1.13 key=value parser (DPC)
\KV@toks@=\toks14
)
(C:\CTEX\MiKTeX\tex\generic\oberdiek\ifpdf.sty
Package: ifpdf 2011/01/30 v2.3 Provides the ifpdf switch (HO)
Package ifpdf Info: pdfTeX in PDF mode is not detected.
)
(C:\CTEX\MiKTeX\tex\generic\oberdiek\ifvtex.sty
Package: ifvtex 2010/03/01 v1.5 Switches for detecting VTeX and its modes (HO)
Package ifvtex Info: VTeX not detected.
)
(C:\CTEX\MiKTeX\tex\generic\ifxetex\ifxetex.sty
Package: ifxetex 2010/09/12 v0.6 Provides ifxetex conditional
)
\Gm@cnth=\count88
\Gm@cntv=\count89
\c@Gm@tempcnt=\count90
\Gm@bindingoffset=\dimen103
\Gm@wd@mp=\dimen104
\Gm@odd@mp=\dimen105
\Gm@even@mp=\dimen106
\Gm@layoutwidth=\dimen107
\Gm@layoutheight=\dimen108
\Gm@layouthoffset=\dimen109
\Gm@layoutvoffset=\dimen110
\Gm@dimlist=\toks15

(C:\CTEX\MiKTeX\tex\xelatex\xetexconfig\geometry.cfg))
(C:\CTEX\MiKTeX\tex\latex\fancyhdr\fancyhdr.sty
\fancy@headwidth=\skip43
\f@ncyO@elh=\skip44
\f@ncyO@erh=\skip45
\f@ncyO@olh=\skip46
\f@ncyO@orh=\skip47
\f@ncyO@elf=\skip48
\f@ncyO@erf=\skip49
\f@ncyO@olf=\skip50
\f@ncyO@orf=\skip51
)
(C:\CTEX\MiKTeX\tex\latex\tools\layout.sty
Package: layout 2000/09/25 v1.2c Show layout parameters
\oneinch=\count91
\cnt@paperwidth=\count92
\cnt@paperheight=\count93
\cnt@hoffset=\count94
\cnt@voffset=\count95
\cnt@textheight=\count96
\cnt@textwidth=\count97
\cnt@topmargin=\count98
\cnt@oddsidemargin=\count99
\cnt@evensidemargin=\count100
\cnt@headheight=\count101
\cnt@headsep=\count102
\cnt@marginparsep=\count103
\cnt@marginparwidth=\count104
\cnt@marginparpush=\count105
\cnt@footskip=\count106
\fheight=\count107
\ref@top=\count108
\ref@hoffset=\count109
\ref@voffset=\count110
\ref@head=\count111
\ref@body=\count112
\ref@foot=\count113
\ref@margin=\count114
\ref@marginwidth=\count115
\ref@marginpar=\count116
\Interval=\count117
\ExtraYPos=\count118
\PositionX=\count119
\PositionY=\count120
\ArrowLength=\count121
)
(C:\CTEX\UserData\tex\latex\xcolor\xcolor.sty
Package: xcolor 2007/01/21 v2.11 LaTeX color extensions (UK)

(C:\CTEX\MiKTeX\tex\latex\00miktex\color.cfg
File: color.cfg 2007/01/18 v1.5 color configuration of teTeX/TeXLive
)
Package xcolor Info: Driver file: xetex.def on input line 225.

(C:\CTEX\MiKTeX\tex\xelatex\xetex-def\xetex.def
File: xetex.def 2009/11/22 v0.94 LaTeX color/graphics driver for XeTeX (RRM/JK)

)
Package xcolor Info: Model `cmy' substituted by `cmy0' on input line 1337.
Package xcolor Info: Model `RGB' extended on input line 1353.
Package xcolor Info: Model `HTML' substituted by `rgb' on input line 1355.
Package xcolor Info: Model `Hsb' substituted by `hsb' on input line 1356.
Package xcolor Info: Model `tHsb' substituted by `hsb' on input line 1357.
Package xcolor Info: Model `HSB' substituted by `hsb' on input line 1358.
Package xcolor Info: Model `Gray' substituted by `gray' on input line 1359.
Package xcolor Info: Model `wave' substituted by `hsb' on input line 1360.
)
(C:\CTEX\UserData\tex\latex\cite\cite.sty
LaTeX Info: Redefining \cite on input line 302.
LaTeX Info: Redefining \nocite on input line 332.
Package: cite 2015/02/27  v 5.5
)
(C:\CTEX\UserData\tex\latex\listings\listings.sty
\lst@mode=\count122
\lst@gtempboxa=\box26
\lst@token=\toks16
\lst@length=\count123
\lst@currlwidth=\dimen111
\lst@column=\count124
\lst@pos=\count125
\lst@lostspace=\dimen112
\lst@width=\dimen113
\lst@newlines=\count126
\lst@lineno=\count127
\lst@maxwidth=\dimen114

(C:\CTEX\UserData\tex\latex\listings\lstmisc.sty
File: lstmisc.sty 2015/06/04 1.6 (Carsten Heinz)
\c@lstnumber=\count128
\lst@skipnumbers=\count129
\lst@framebox=\box27
)
(C:\CTEX\UserData\tex\latex\listings\listings.cfg
File: listings.cfg 2015/06/04 1.6 listings configuration
))
Package: listings 2015/06/04 1.6 (Carsten Heinz)

(C:\CTEX\UserData\tex\latex\listings\lstlang1.sty
File: lstlang1.sty 2015/06/04 1.6 listings language file
)
(C:\CTEX\UserData\tex\latex\sttools\flushend.sty
Package: flushend 2015/04/14 v3.1 Balancing columns in twocolumn mode
\flushend@@lastskip@a=\skip52
\flushend@@lastskip@b=\skip53
\flushend@@lastskip@c=\skip54
\flushend@@penalty@a=\count130
\flushend@@lastkern@a=\dimen115
\var@@temp@spread=\dimen116
\var@@temp@a=\dimen117
\flushend@@page@rule=\dimen118
\flushend@@varbox@a=\box28
\flushend@@varbox@c=\box29
\flushend@@tempbox@a=\box30
\flushend@@tempbox@c=\box31
\@viper=\box32
\hold@viper=\box33
\atColsBreak=\toks17
\atColsEnd=\toks18

(C:\CTEX\MiKTeX\tex\latex\etoolbox\etoolbox.sty
Package: etoolbox 2011/01/03 v2.1 e-TeX tools for LaTeX

(C:\CTEX\MiKTeX\tex\latex\misc\etex.sty
Package: etex 1998/03/26 v2.0 eTeX basic definition package (PEB)
\et@xins=\count131
)
\etb@tempcnta=\count132
))
(C:\CTEX\UserData\tex\latex\sttools\cuted.sty
Package: cuted 2012/10/04 v1.5 Mixing onecolumn and twocolumn modes
\At@ViperColsBreak=\toks19
\v@aaa=\box34
\v@ccc=\box35
\lastskip@a=\skip55
\lastskip@b=\skip56
\lastskip@d=\skip57
\lastbox@a=\box36
\stripsep=\skip58
\viper@penalty=\count133
\ht@viper=\dimen119
)
(C:\CTEX\MiKTeX\tex\latex\tools\indentfirst.sty
Package: indentfirst 1995/11/23 v1.03 Indent first paragraph (DPC)
)
(C:\CTEX\MiKTeX\tex\latex\base\latexsym.sty
Package: latexsym 1998/08/17 v2.2e Standard LaTeX package (lasy symbols)
\symlasy=\mathgroup4
LaTeX Font Info:    Overwriting symbol font `lasy' in version `bold'
(Font)                  U/lasy/m/n --> U/lasy/b/n on input line 47.
)
(C:\CTEX\MiKTeX\tex\latex\tools\bm.sty
Package: bm 2004/02/26 v1.1c Bold Symbol Support (DPC/FMi)
\symboldoperators=\mathgroup5
\symboldletters=\mathgroup6
\symboldsymbols=\mathgroup7
\symboldlasy=\mathgroup8
LaTeX Font Info:    Redeclaring math alphabet \mathbf on input line 138.
LaTeX Info: Redefining \bm on input line 204.
)
(C:\CTEX\MiKTeX\tex\latex\ams\math\amsmath.sty
Package: amsmath 2000/07/18 v2.13 AMS math features
\@mathmargin=\skip59

For additional information on amsmath, use the `?' option.
(C:\CTEX\MiKTeX\tex\latex\ams\math\amstext.sty
Package: amstext 2000/06/29 v2.01

(C:\CTEX\MiKTeX\tex\latex\ams\math\amsgen.sty
File: amsgen.sty 1999/11/30 v2.0
\@emptytoks=\toks20
\ex@=\dimen120
))
(C:\CTEX\MiKTeX\tex\latex\ams\math\amsbsy.sty
Package: amsbsy 1999/11/29 v1.2d
LaTeX Info: Redefining \boldsymbol on input line 54.
\pmbraise@=\dimen121
)
(C:\CTEX\MiKTeX\tex\latex\ams\math\amsopn.sty
Package: amsopn 1999/12/14 v2.01 operator names
)
\inf@bad=\count134
LaTeX Info: Redefining \frac on input line 211.
\uproot@=\count135
\leftroot@=\count136
LaTeX Info: Redefining \overline on input line 307.
\classnum@=\count137
\DOTSCASE@=\count138
LaTeX Info: Redefining \ldots on input line 379.
LaTeX Info: Redefining \dots on input line 382.
LaTeX Info: Redefining \cdots on input line 467.
\Mathstrutbox@=\box37
\strutbox@=\box38
\big@size=\dimen122
LaTeX Font Info:    Redeclaring font encoding OML on input line 567.
LaTeX Font Info:    Redeclaring font encoding OMS on input line 568.
\macc@depth=\count139
\c@MaxMatrixCols=\count140
\dotsspace@=\muskip10
\c@parentequation=\count141
\dspbrk@lvl=\count142
\tag@help=\toks21
\row@=\count143
\column@=\count144
\maxfields@=\count145
\andhelp@=\toks22
\eqnshift@=\dimen123
\alignsep@=\dimen124
\tagshift@=\dimen125
\tagwidth@=\dimen126
\totwidth@=\dimen127
\lineht@=\dimen128
\@envbody=\toks23
\multlinegap=\skip60
\multlinetaggap=\skip61
\mathdisplay@stack=\toks24
LaTeX Info: Redefining \[ on input line 2666.
LaTeX Info: Redefining \] on input line 2667.
)
(C:\CTEX\MiKTeX\tex\latex\amsfonts\amssymb.sty
Package: amssymb 2009/06/22 v3.00

(C:\CTEX\MiKTeX\tex\latex\amsfonts\amsfonts.sty
Package: amsfonts 2009/06/22 v3.00 Basic AMSFonts support
\symAMSa=\mathgroup9
\symAMSb=\mathgroup10
LaTeX Font Info:    Overwriting math alphabet `\mathfrak' in version `bold'
(Font)                  U/euf/m/n --> U/euf/b/n on input line 96.
))
(C:\CTEX\MiKTeX\tex\latex\psnfss\pifont.sty
Package: pifont 2005/04/12 PSNFSS-v9.2a Pi font support (SPQR) 
LaTeX Font Info:    Try loading font information for U+pzd on input line 63.

(C:\CTEX\MiKTeX\tex\latex\psnfss\upzd.fd
File: upzd.fd 2001/06/04 font definitions for U/pzd.
)
Requested font "pzdr" at 12.0pt
 -> pzdr
LaTeX Font Info:    Try loading font information for U+psy on input line 64.

(C:\CTEX\MiKTeX\tex\latex\psnfss\upsy.fd
File: upsy.fd 2001/06/04 font definitions for U/psy.
)
Requested font "psyr" at 12.0pt
 -> psyr
)
(C:\CTEX\MiKTeX\tex\latex\fontspec\fontspec.sty
Package: fontspec 2011/09/18 v2.2a Advanced font selection for XeLaTeX/LuaLaTeX


(C:\CTEX\MiKTeX\tex\latex\l3kernel\expl3.sty
(C:\CTEX\MiKTeX\tex\latex\l3kernel\l3names.sty
(C:\CTEX\MiKTeX\tex\latex\l3kernel\l3bootstrap.sty
Package: l3bootstrap 2011/12/29 v3110 L3 Experimental bootstrap code
)
Package: l3names 2011/12/30 v3113 L3 Experimental namespace for primitives
)
Package: expl3 2012/02/26 v3471 L3 Experimental code bundle wrapper

(C:\CTEX\MiKTeX\tex\latex\graphics\graphics.sty
Package: graphics 2009/02/05 v1.0o Standard LaTeX Graphics (DPC,SPQR)

(C:\CTEX\MiKTeX\tex\latex\graphics\trig.sty
Package: trig 1999/03/16 v1.09 sin cos tan (DPC)
)
(C:\CTEX\MiKTeX\tex\latex\00miktex\graphics.cfg
File: graphics.cfg 2007/01/18 v1.5 graphics configuration of teTeX/TeXLive
)
Package graphics Info: Driver file: xetex.def on input line 91.
)
(C:\CTEX\MiKTeX\tex\latex\l3kernel\l3basics.sty
Package: l3basics 2012/02/26 v3460 L3 Experimental basic definitions
)
(C:\CTEX\MiKTeX\tex\latex\l3kernel\l3expan.sty
Package: l3expan 2012/02/26 v3460 L3 Experimental argument expansion
)
(C:\CTEX\MiKTeX\tex\latex\l3kernel\l3tl.sty
Package: l3tl 2012/02/26 v3460 L3 Experimental token lists
)
(C:\CTEX\MiKTeX\tex\latex\l3kernel\l3seq.sty
Package: l3seq 2012/01/09 v3158 L3 Experimental sequences and stacks
)
(C:\CTEX\MiKTeX\tex\latex\l3kernel\l3int.sty
Package: l3int 2012/02/26 v3460 L3 Experimental integers
\c_max_int=\count146
\l_tmpa_int=\count147
\l_tmpb_int=\count148
\l_tmpc_int=\count149
\g_tmpa_int=\count150
\g_tmpb_int=\count151
)
(C:\CTEX\MiKTeX\tex\latex\l3kernel\l3quark.sty
Package: l3quark 2012/02/12 v3384 L3 Experimental quarks
)
(C:\CTEX\MiKTeX\tex\latex\l3kernel\l3prg.sty
Package: l3prg 2012/02/26 v3464 L3 Experimental control structures
\g_prg_map_int=\count152
)
(C:\CTEX\MiKTeX\tex\latex\l3kernel\l3clist.sty
Package: l3clist 2012/02/26 v3460 L3 Experimental comma separated lists
)
(C:\CTEX\MiKTeX\tex\latex\l3kernel\l3token.sty
Package: l3token 2012/02/26 v3460 L3 Experimental token manipulation
)
(C:\CTEX\MiKTeX\tex\latex\l3kernel\l3prop.sty
Package: l3prop 2012/02/26 v3460 L3 Experimental property lists
)
(C:\CTEX\MiKTeX\tex\latex\l3kernel\l3msg.sty
Package: l3msg 2012/02/26 v3470 L3 Experimental messages
)
(C:\CTEX\MiKTeX\tex\latex\l3kernel\l3file.sty
Package: l3file 2012/02/26 v3464 L3 Experimental file and I/O operations
\l_iow_stream_int=\count153
\l_iow_line_length_int=\count154
\l_iow_target_length_int=\count155
\l_iow_current_line_int=\count156
\l_iow_current_word_int=\count157
\l_iow_current_indentation_int=\count158
)
(C:\CTEX\MiKTeX\tex\latex\l3kernel\l3skip.sty
Package: l3skip 2012/02/26 v3460 L3 Experimental dimensions and skips
\l_tmpa_dim=\dimen129
\l_tmpb_dim=\dimen130
\l_tmpc_dim=\dimen131
\g_tmpa_dim=\dimen132
\g_tmpb_dim=\dimen133
\l_tmpa_skip=\skip62
\l_tmpb_skip=\skip63
\l_tmpc_skip=\skip64
\g_tmpa_skip=\skip65
\g_tmpb_skip=\skip66
)
(C:\CTEX\MiKTeX\tex\latex\l3kernel\l3keys.sty
Package: l3keys 2011/12/22 v3086 L3 Experimental key-value interfaces
\g_keyval_level_int=\count159
\l_keys_choice_int=\count160
)
(C:\CTEX\MiKTeX\tex\latex\l3kernel\l3fp.sty
Package: l3fp 2012/02/06 v3315 L3 Experimental floating-point operations
\c_one_hundred_million=\count161
\c_five_hundred_million=\count162
\c_one_thousand_million=\count163
\c_fp_pi_by_four_decimal_int=\count164
\c_fp_pi_by_four_extended_int=\count165
\c_fp_pi_decimal_int=\count166
\c_fp_pi_extended_int=\count167
\c_fp_two_pi_decimal_int=\count168
\c_fp_two_pi_extended_int=\count169
\l_fp_count_int=\count170
\l_fp_div_offset_int=\count171
\l_fp_exp_integer_int=\count172
\l_fp_exp_decimal_int=\count173
\l_fp_exp_extended_int=\count174
\l_fp_exp_exponent_int=\count175
\l_fp_input_a_sign_int=\count176
\l_fp_input_a_integer_int=\count177
\l_fp_input_a_decimal_int=\count178
\l_fp_input_a_exponent_int=\count179
\l_fp_input_b_sign_int=\count180
\l_fp_input_b_integer_int=\count181
\l_fp_input_b_decimal_int=\count182
\l_fp_input_b_exponent_int=\count183
\l_fp_input_a_extended_int=\count184
\l_fp_input_b_extended_int=\count185
\l_fp_mul_a_i_int=\count186
\l_fp_mul_a_ii_int=\count187
\l_fp_mul_a_iii_int=\count188
\l_fp_mul_a_iv_int=\count189
\l_fp_mul_a_v_int=\count190
\l_fp_mul_a_vi_int=\count191
\l_fp_mul_b_i_int=\count192
\l_fp_mul_b_ii_int=\count193
\l_fp_mul_b_iii_int=\count194
\l_fp_mul_b_iv_int=\count195
\l_fp_mul_b_v_int=\count196
\l_fp_mul_b_vi_int=\count197
\l_fp_mul_output_int=\count198
\l_fp_output_sign_int=\count199
\l_fp_output_integer_int=\count200
\l_fp_output_decimal_int=\count201
Normal \count register pool exhausted, switching to extended pool.
\l_fp_output_exponent_int=\count277
\l_fp_output_extended_int=\count278
\l_fp_round_position_int=\count279
\l_fp_round_target_int=\count280
\l_fp_split_sign_int=\count281
\l_fp_internal_int=\count282
\l_fp_trig_octant_int=\count283
\l_fp_trig_sign_int=\count284
\l_fp_trig_decimal_int=\count285
\l_fp_trig_extended_int=\count286
\l_fp_internal_dim=\dimen134
\l_fp_internal_skip=\skip67
)
(C:\CTEX\MiKTeX\tex\latex\l3kernel\l3box.sty
Package: l3box 2012/02/18 v3432 L3 Experimental boxes
\l_tmpb_box=\box39
\l_box_top_dim=\dimen135
\l_box_bottom_dim=\dimen136
\l_box_left_dim=\dimen137
\l_box_right_dim=\dimen138
\l_box_top_new_dim=\dimen139
\l_box_bottom_new_dim=\dimen140
\l_box_left_new_dim=\dimen141
\l_box_right_new_dim=\dimen142
\l_box_internal_box=\box40
)
(C:\CTEX\MiKTeX\tex\latex\l3kernel\l3coffins.sty
Package: l3coffins 2012/02/26 v3460 L3 Experimental coffin code layer
\l_coffin_internal_box=\box41
\l_coffin_internal_dim=\dimen143
\l_coffin_offset_x_dim=\dimen144
\l_coffin_offset_y_dim=\dimen145
\l_coffin_x_dim=\dimen146
\l_coffin_y_dim=\dimen147
\l_coffin_x_prime_dim=\dimen148
\l_coffin_y_prime_dim=\dimen149
\l_coffin_Depth_dim=\dimen150
\l_coffin_Height_dim=\dimen151
\l_coffin_TotalHeight_dim=\dimen152
\l_coffin_Width_dim=\dimen153
\c_empty_coffin=\box42
\l_coffin_aligned_coffin=\box43
\l_coffin_aligned_internal_coffin=\box44
\l_coffin_bounding_shift_dim=\dimen154
\l_coffin_left_corner_dim=\dimen155
\l_coffin_right_corner_dim=\dimen156
\l_coffin_bottom_corner_dim=\dimen157
\l_coffin_top_corner_dim=\dimen158
\l_coffin_scaled_total_height_dim=\dimen159
\l_coffin_scaled_width_dim=\dimen160
\l_coffin_display_coffin=\box45
\l_coffin_display_coord_coffin=\box46
\l_coffin_display_pole_coffin=\box47
\l_coffin_display_offset_dim=\dimen161
\l_coffin_display_x_dim=\dimen162
\l_coffin_display_y_dim=\dimen163
)
(C:\CTEX\MiKTeX\tex\latex\l3kernel\l3color.sty
Package: l3color 2011/09/07 v2776 L3 Experimental colour support
)
(C:\CTEX\MiKTeX\tex\latex\l3kernel\l3luatex.sty
Package: l3luatex 2012/02/09 v3355 L3 Experimental LuaTeX-specific functions
\g_cctab_allocate_int=\count287
\g_cctab_stack_int=\count288
))
(C:\CTEX\MiKTeX\tex\latex\l3packages\xparse\xparse.sty
Package: xparse 2012/02/26 v3471 L3 Experimental document command parser
\l_xparse_current_arg_int=\count289
\l_xparse_m_args_int=\count290
\l_xparse_mandatory_args_int=\count291
\l_xparse_processor_int=\count292
\l_xparse_v_nesting_int=\count293
)
\l_fontspec_script_int=\count294
\l_fontspec_language_int=\count295
\l_fontspec_strnum_int=\count296
\l_fontspec_tmpa_dim=\dimen164
\l_fontspec_tmpb_dim=\dimen165
\l_fontspec_tmpc_dim=\dimen166
Variant \tl_gset:cV already defined; not changing it on line 66

(C:\CTEX\MiKTeX\tex\latex\fontspec\fontspec-patches.sty
Package: fontspec-patches 2011/09/18 v2.2a Advanced font selection for XeLaTeX/
LuaLaTeX

(C:\CTEX\MiKTeX\tex\latex\base\fixltx2e.sty
Package: fixltx2e 2006/09/13 v1.1m fixes to LaTeX
LaTeX Info: Redefining \em on input line 420.
LaTeX Info: The control sequence `\[' is already robust on input line 471.
LaTeX Info: The control sequence `\]' is already robust on input line 472.
)
LaTeX Info: Redefining \em on input line 22.
LaTeX Info: Redefining \emph on input line 29.
LaTeX Info: Redefining \- on input line 32.

*************************************************
* LaTeX warning: "xparse/redefine-command"
* 
* Redefining document command \oldstylenums with arg. spec. 'm' on line 107.
*************************************************
.................................................
. LaTeX info: "xparse/define-command"
. 
. Defining document command \liningnums with arg. spec. 'm' on line 111.
.................................................
) (C:\CTEX\MiKTeX\tex\latex\fontspec\fontspec-xetex.sty
Package: fontspec-xetex 2011/09/18 v2.2a Advanced font selection for XeLaTeX/Lu
aLaTeX

(C:\CTEX\MiKTeX\tex\latex\base\fontenc.sty
Package: fontenc 2005/09/27 v1.99g Standard LaTeX package

(C:\CTEX\MiKTeX\tex\latex\euenc\eu1enc.def
File: eu1enc.def 2010/05/27 v0.1h Experimental Unicode font encodings
)
LaTeX Font Info:    Try loading font information for EU1+lmr on input line 100.


(C:\CTEX\MiKTeX\tex\latex\euenc\eu1lmr.fd
File: eu1lmr.fd 2009/10/30 v1.6 Font defs for Latin Modern
)
Requested font "[lmroman10-regular]:mapping=tex-text" at 10.0pt
 -> C:/CTEX/MiKTeX/fonts/opentype/public/lm/lmroman10-regular.otf
)
(C:\CTEX\MiKTeX\tex\xelatex\xunicode\xunicode.sty
File: xunicode.sty 2011/09/09 v0.981 provides access to latin accents and many 
other characters in Unicode lower plane

(C:\CTEX\MiKTeX\tex\latex\tipa\t3enc.def
File: t3enc.def 2001/12/31 T3 encoding
Requested font "[lmromanslant10-regular]:mapping=tex-text" at 10.0pt
 -> C:/CTEX/MiKTeX/fonts/opentype/public/lm/lmromanslant10-regular.otf
Requested font "[lmroman10-italic]:mapping=tex-text" at 10.0pt
 -> C:/CTEX/MiKTeX/fonts/opentype/public/lm/lmroman10-italic.otf
Requested font "[lmroman10-bold]:mapping=tex-text" at 10.0pt
 -> C:/CTEX/MiKTeX/fonts/opentype/public/lm/lmroman10-bold.otf
LaTeX Font Info:    Try loading font information for EU1+lmss on input line 357
.

(C:\CTEX\MiKTeX\tex\latex\euenc\eu1lmss.fd
File: eu1lmss.fd 2009/10/30 v1.6 Font defs for Latin Modern
)
Requested font "[lmsans10-regular]:mapping=tex-text" at 10.0pt
 -> C:/CTEX/MiKTeX/fonts/opentype/public/lm/lmsans10-regular.otf
)
\tipaTiiicode=\count297
\tipasavetokens=\toks25
\tipachecktokens=\toks26

(C:\CTEX\MiKTeX\tex\latex\graphics\graphicx.sty
Package: graphicx 1999/02/16 v1.0f Enhanced LaTeX Graphics (DPC,SPQR)
\Gin@req@height=\dimen167
\Gin@req@width=\dimen168
))
.................................................
. LaTeX info: "xparse/define-command"
. 
. Defining document command \fontspec with arg. spec. 'O{}m' on line 39.
.................................................
.................................................
. LaTeX info: "xparse/define-command"
. 
. Defining document command \setmainfont with arg. spec. 'O{}m' on line 43.
.................................................
.................................................
. LaTeX info: "xparse/define-command"
. 
. Defining document command \setsansfont with arg. spec. 'O{}m' on line 47.
.................................................
.................................................
. LaTeX info: "xparse/define-command"
. 
. Defining document command \setmonofont with arg. spec. 'O{}m' on line 51.
.................................................
.................................................
. LaTeX info: "xparse/define-command"
. 
. Defining document command \setmathrm with arg. spec. 'O{}m' on line 59.
.................................................
.................................................
. LaTeX info: "xparse/define-command"
. 
. Defining document command \setboldmathrm with arg. spec. 'O{}m' on line 62.
.................................................
.................................................
. LaTeX info: "xparse/define-command"
. 
. Defining document command \setmathsf with arg. spec. 'O{}m' on line 65.
.................................................
.................................................
. LaTeX info: "xparse/define-command"
. 
. Defining document command \setmathtt with arg. spec. 'O{}m' on line 68.
.................................................
.................................................
. LaTeX info: "xparse/define-command"
. 
. Defining document command \newfontfamily with arg. spec. 'mO{}m' on line 84.
.................................................
.................................................
. LaTeX info: "xparse/define-command"
. 
. Defining document command \newfontface with arg. spec. 'mO{}m' on line 87.
.................................................
.................................................
. LaTeX info: "xparse/define-command"
. 
. Defining document command \defaultfontfeatures with arg. spec. 'm' on line
. 91.
.................................................
.................................................
. LaTeX info: "xparse/define-command"
. 
. Defining document command \addfontfeatures with arg. spec. 'm' on line 107.
.................................................
.................................................
. LaTeX info: "xparse/define-command"
. 
. Defining document command \newfontfeature with arg. spec. 'mm' on line 118.
.................................................
.................................................
. LaTeX info: "xparse/define-command"
. 
. Defining document command \newAATfeature with arg. spec. 'mmmm' on line 125.
.................................................
.................................................
. LaTeX info: "xparse/define-command"
. 
. Defining document command \newICUfeature with arg. spec. 'mmm' on line 132.
.................................................
.................................................
. LaTeX info: "xparse/define-command"
. 
. Defining document command \aliasfontfeature with arg. spec. 'mm' on line
. 159.
.................................................
.................................................
. LaTeX info: "xparse/define-command"
. 
. Defining document command \aliasfontfeatureoption with arg. spec. 'mmm' on
. line 164.
.................................................
.................................................
. LaTeX info: "xparse/define-command"
. 
. Defining document command \newfontscript with arg. spec. 'mm' on line 169.
.................................................
.................................................
. LaTeX info: "xparse/define-command"
. 
. Defining document command \newfontlanguage with arg. spec. 'mm' on line 192.
.................................................
.................................................
. LaTeX info: "xparse/define-command"
. 
. Defining document command \DeclareFontsExtensions with arg. spec. 'm' on
. line 211.
.................................................
Variant \prop_gput:cnV already defined; not changing it on line 485
Variant \prop_gput:cnx already defined; not changing it on line 486
Variant \keys_set:nx already defined; not changing it on line 963
\c@fontspec_tmp_int=\count298
LaTeX Info: Redefining \itshape on input line 1881.
LaTeX Info: Redefining \slshape on input line 1885.
LaTeX Info: Redefining \scshape on input line 1889.
LaTeX Info: Redefining \upshape on input line 1893.

(C:\CTEX\MiKTeX\tex\latex\fontspec\fontspec.cfg)))
(C:\CTEX\MiKTeX\tex\latex\xltxtra\xltxtra.sty
Package: xltxtra 2010/09/20 v0.5e Improvements for the "XeLaTeX" format

(C:\CTEX\MiKTeX\tex\generic\oberdiek\ifluatex.sty
Package: ifluatex 2010/03/01 v1.3 Provides the ifluatex switch (HO)
Package ifluatex Info: LuaTeX not detected.
)
(C:\CTEX\UserData\tex\latex\realscripts\realscripts.sty
Package: realscripts 2013/03/18 v0.3c Access OpenType subscripts and superscrip
ts
.................................................
. LaTeX info: "xparse/define-command"
. 
. Defining document command \fakesubscript with arg. spec. 'm' on line 19.
.................................................
.................................................
. LaTeX info: "xparse/define-command"
. 
. Defining document command \fakesuperscript with arg. spec. 'm' on line 22.
.................................................

*************************************************
* LaTeX warning: "xparse/redefine-command"
* 
* Redefining document command \textsubscript with arg. spec. 's' on line 25.
*************************************************
*************************************************
* LaTeX warning: "xparse/redefine-command"
* 
* Redefining document command \textsuperscript with arg. spec. 's' on line 28.
*************************************************
.................................................
. LaTeX info: "xparse/define-command"
. 
. Defining document command \realsubscript with arg. spec. 'm' on line 45.
.................................................
.................................................
. LaTeX info: "xparse/define-command"
. 
. Defining document command \realsuperscript with arg. spec. 'm' on line 60.
.................................................
.................................................
. LaTeX info: "xparse/define-command"
. 
. Defining document command \textsubsuperscript with arg. spec. 'sO{l}mm' on
. line 138.
.................................................
.................................................
. LaTeX info: "xparse/define-command"
. 
. Defining document command \textsupersubscript with arg. spec. 'sO{l}mm' on
. line 143.
.................................................
\subsupersep=\dimen169
) (C:\CTEX\UserData\tex\latex\metalogo\metalogo.sty
Package: metalogo 2010/05/29 v0.12 Extended TeX logo macros
\xl@everylogo=\toks27
\xl@@everylogo=\toks28
LaTeX Info: Redefining \TeX on input line 193.
LaTeX Info: Redefining \LaTeX on input line 202.
LaTeX Info: Redefining \LaTeXe on input line 219.
)
\xxt@tempbox=\box48
)
(C:\CTEX\UserData\tex\latex\algorithms\algorithmic.sty
Invalid UTF-8 byte or sequence at line 11 replaced by U+FFFD.
Package: algorithmic 2009/08/24 v0.1 Document Style `algorithmic'

(C:\CTEX\MiKTeX\tex\latex\base\ifthen.sty
Package: ifthen 2001/05/26 v1.1c Standard LaTeX ifthen package (DPC)
)
\c@ALC@unique=\count299
\c@ALC@line=\count300
\c@ALC@rem=\count301
\c@ALC@depth=\count302
\ALC@tlm=\skip68
\algorithmicindent=\skip69
)
(C:\CTEX\UserData\tex\latex\algorithm2e\algorithm2e.sty
Invalid UTF-8 byte or sequence at line 275 replaced by U+FFFD.
Invalid UTF-8 byte or sequence at line 290 replaced by U+FFFD.
Invalid UTF-8 byte or sequence at line 540 replaced by U+FFFD.
Package: algorithm2e 2013/01/06 v5.00 algorithms environments
\c@AlgoLine=\count303
Invalid UTF-8 byte or sequence at line 1311 replaced by U+FFFD.
Invalid UTF-8 byte or sequence at line 1313 replaced by U+FFFD.
Invalid UTF-8 byte or sequence at line 1315 replaced by U+FFFD.
\algocf@hangindent=\skip70

(C:\CTEX\MiKTeX\tex\latex\tools\xspace.sty
Package: xspace 2009/10/20 v1.13 Space after command names (DPC,MH)
)
(C:\CTEX\MiKTeX\tex\latex\ltxmisc\relsize.sty
Package: relsize 2003/07/04 ver 3.1
)
********************************************************
Package `algorithm2e' Release 5.1 -- october 19 2015 --
- algorithm2e-announce@lirmm.fr mailing list for announcement about releases
- algorithm2e-discussion@lirmm.fr mailing list for discussion about package
subscribe by emailing sympa@lirmm.fr with 'subscribe <list> <firstname name>'
- Author: Christophe Fiorio (christophe.fiorio@umontpellier.fr)
********************************************************
\skiptotal=\skip71
\skiplinenumber=\skip72
\skiprule=\skip73
\skiphlne=\skip74
\skiptext=\skip75
\skiplength=\skip76
\algomargin=\skip77
\skipalgocfslide=\skip78
\algowidth=\dimen170
\inoutsize=\dimen171
\inoutindent=\dimen172
\interspacetitleruled=\dimen173
\interspacealgoruled=\dimen174
\interspacetitleboxruled=\dimen175
\algocf@ruledwidth=\skip79
\algocf@inoutbox=\box49
\algocf@inputbox=\box50
\AlCapSkip=\skip80
\AlCapHSkip=\skip81
\algoskipindent=\skip82
\algocf@nlbox=\box51
\algocf@hangingbox=\box52
\algocf@untilbox=\box53
\algocf@skipuntil=\skip83
\algocf@capbox=\box54
\algoheightruledefault=\skip84
\algoheightrule=\skip85
\algotitleheightruledefault=\skip86
\algotitleheightrule=\skip87
\c@algocfline=\count304
\c@algocfproc=\count305
\c@algocf=\count306
\algocf@algoframe=\box55
\algocf@algobox=\box56
)
Requested font "å^^8d^^8eæ^^96^^87å®^^8bä½^^93" at 10.0pt
 -> C:/WINDOWS/Fonts/STSONG.TTF
Requested font "å^^8d^^8eæ^^96^^87å®^^8bä½^^93/ICU" at 10.0pt
 -> C:/WINDOWS/Fonts/STSONG.TTF
.................................................
. fontspec info: "no-scripts"
. 
. Font 华文宋体 does not contain any OpenType `Script' information.
.................................................
\g_fontspec_family_华文宋体_int=\count307
Requested font "å^^8d^^8eæ^^96^^87å®^^8bä½^^93/ICU" at 10.0pt
 -> C:/WINDOWS/Fonts/STSONG.TTF
Requested font "å^^8d^^8eæ^^96^^87å®^^8bä½^^93/ICU" at 10.0pt
 -> C:/WINDOWS/Fonts/STSONG.TTF
Requested font "å^^8d^^8eæ^^96^^87å®^^8bä½^^93/B/ICU" at 10.0pt
 -> C:/WINDOWS/Fonts/STSONG.TTF
.................................................
. fontspec info: "no-font-shape"
. 
. Could not resolve font 华文宋体/B (it probably doesn't exist).
.................................................
Requested font "å^^8d^^8eæ^^96^^87å®^^8bä½^^93/ICU" at 10.0pt
 -> C:/WINDOWS/Fonts/STSONG.TTF
Requested font "å^^8d^^8eæ^^96^^87å®^^8bä½^^93/I/ICU" at 10.0pt
 -> C:/WINDOWS/Fonts/STSONG.TTF
.................................................
. fontspec info: "no-font-shape"
. 
. Could not resolve font 华文宋体/I (it probably doesn't exist).
.................................................
Requested font "å^^8d^^8eæ^^96^^87å®^^8bä½^^93/ICU" at 10.0pt
 -> C:/WINDOWS/Fonts/STSONG.TTF
Requested font "å^^8d^^8eæ^^96^^87å®^^8bä½^^93/BI/ICU" at 10.0pt
 -> C:/WINDOWS/Fonts/STSONG.TTF
.................................................
. fontspec info: "no-font-shape"
. 
. Could not resolve font 华文宋体/BI (it probably doesn't exist).
.................................................
.................................................
. fontspec info: "defining-font"
. 
. Font family '华文宋体(0)' created for font '华文宋体' with options
. [Mapping=tex-text,].
. 
. This font family consists of the following shapes:
. 
. * 'normal' with NFSS spec.:
. <->"华文宋体/ICU:mapping=tex-text;"
.................................................
Requested font "å^^8d^^8eæ^^96^^87å®^^8bä½^^93/ICU:mapping=tex-text;" at 
10.0pt
 -> C:/WINDOWS/Fonts/STSONG.TTF
Requested font "å¾®è½¯é^^9b^^85é»^^91" at 10.0pt
 -> C:/WINDOWS/Fonts/msyh.ttc
Requested font "å¾®è½¯é^^9b^^85é»^^91/ICU" at 10.0pt
 -> C:/WINDOWS/Fonts/msyh.ttc
\g_fontspec_family_微软雅黑_int=\count308
Requested font "å¾®è½¯é^^9b^^85é»^^91/ICU" at 10.0pt
 -> C:/WINDOWS/Fonts/msyh.ttc
Requested font "å¾®è½¯é^^9b^^85é»^^91/ICU" at 10.0pt
 -> C:/WINDOWS/Fonts/msyh.ttc
Requested font "å¾®è½¯é^^9b^^85é»^^91/B/ICU" at 10.0pt
 -> C:/WINDOWS/Fonts/msyhbd.ttc
Requested font "å¾®è½¯é^^9b^^85é»^^91/B/B/ICU" at 10.0pt
 -> C:/WINDOWS/Fonts/msyhbd.ttc
Requested font "å¾®è½¯é^^9b^^85é»^^91/ICU" at 10.0pt
 -> C:/WINDOWS/Fonts/msyh.ttc
Requested font "å¾®è½¯é^^9b^^85é»^^91/I/ICU" at 10.0pt
 -> C:/WINDOWS/Fonts/msyh.ttc
.................................................
. fontspec info: "no-font-shape"
. 
. Could not resolve font 微软雅黑/I (it probably doesn't exist).
.................................................
Requested font "å¾®è½¯é^^9b^^85é»^^91/ICU" at 10.0pt
 -> C:/WINDOWS/Fonts/msyh.ttc
Requested font "å¾®è½¯é^^9b^^85é»^^91/BI/ICU" at 10.0pt
 -> C:/WINDOWS/Fonts/msyhbd.ttc
Requested font "å¾®è½¯é^^9b^^85é»^^91/BI/BI/ICU" at 10.0pt
 -> C:/WINDOWS/Fonts/msyhbd.ttc
.................................................
. fontspec info: "defining-font"
. 
. Font family '微软雅黑(0)' created for font '微软雅黑' with options
. [Mapping=tex-text,].
. 
. This font family consists of the following shapes:
. 
. * 'normal' with NFSS spec.:
. <->"微软雅黑/ICU:script=latn;language=DFLT;mapping=tex-text;"
. 
. * 'bold' with NFSS spec.:
. <->"微软雅黑/B/ICU:script=latn;language=DFLT;mapping=tex-text;"
. 
. * 'bold italic' with NFSS spec.:
. <->"微软雅黑/BI/ICU:script=latn;language=DFLT;mapping=tex-text;"
.................................................
LaTeX Info: Redefining \H on input line 142.
Requested font "Arial" at 10.0pt
 -> C:/WINDOWS/Fonts/arial.ttf
Requested font "Arial/ICU" at 10.0pt
 -> C:/WINDOWS/Fonts/arial.ttf
\g_fontspec_family_Arial_int=\count309
Requested font "Arial/B/ICU" at 10.0pt
 -> C:/WINDOWS/Fonts/arialbd.ttf
Requested font "Arial/B/B/ICU" at 10.0pt
 -> C:/WINDOWS/Fonts/arialbd.ttf
Requested font "Arial/I/ICU" at 10.0pt
 -> C:/WINDOWS/Fonts/ariali.ttf
Requested font "Arial/I/I/ICU" at 10.0pt
 -> C:/WINDOWS/Fonts/ariali.ttf
Requested font "Arial/BI/ICU" at 10.0pt
 -> C:/WINDOWS/Fonts/arialbi.ttf
Requested font "Arial/BI/BI/ICU" at 10.0pt
 -> C:/WINDOWS/Fonts/arialbi.ttf
.................................................
. fontspec info: "defining-font"
. 
. Font family 'Arial(0)' created for font 'Arial' with options
. [Mapping=tex-text,].
. 
. This font family consists of the following shapes:
. 
. * 'normal' with NFSS spec.:
. <->"Arial/ICU:script=latn;language=DFLT;mapping=tex-text;"
. 
. * 'small caps' with NFSS spec.:
. <->"Arial/ICU:script=latn;language=DFLT;mapping=tex-text;+smcp;"
. 
. * 'bold' with NFSS spec.:
. <->"Arial/B/ICU:script=latn;language=DFLT;mapping=tex-text;"
. 
. * 'bold small caps' with NFSS spec.:
. <->"Arial/B/ICU:script=latn;language=DFLT;mapping=tex-text;+smcp;"
. 
. * 'italic' with NFSS spec.:
. <->"Arial/I/ICU:script=latn;language=DFLT;mapping=tex-text;"
. 
. * 'italic small caps' with NFSS spec.:
. <->"Arial/I/ICU:script=latn;language=DFLT;mapping=tex-text;+smcp;"
. 
. * 'bold italic' with NFSS spec.:
. <->"Arial/BI/ICU:script=latn;language=DFLT;mapping=tex-text;"
. 
. * 'bold italic small caps' with NFSS spec.:
. <->"Arial/BI/ICU:script=latn;language=DFLT;mapping=tex-text;+smcp;"
.................................................
Requested font "Times New Roman" at 10.0pt
 -> C:/WINDOWS/Fonts/times.ttf
Requested font "Times New Roman/ICU" at 10.0pt
 -> C:/WINDOWS/Fonts/times.ttf
\g_fontspec_family_Times New Roman_int=\count310
Requested font "Times New Roman/B/ICU" at 10.0pt
 -> C:/WINDOWS/Fonts/timesbd.ttf
Requested font "Times New Roman/B/B/ICU" at 10.0pt
 -> C:/WINDOWS/Fonts/timesbd.ttf
Requested font "Times New Roman/I/ICU" at 10.0pt
 -> C:/WINDOWS/Fonts/timesi.ttf
Requested font "Times New Roman/I/I/ICU" at 10.0pt
 -> C:/WINDOWS/Fonts/timesi.ttf
Requested font "Times New Roman/BI/ICU" at 10.0pt
 -> C:/WINDOWS/Fonts/timesbi.ttf
Requested font "Times New Roman/BI/BI/ICU" at 10.0pt
 -> C:/WINDOWS/Fonts/timesbi.ttf
.................................................
. fontspec info: "defining-font"
. 
. Font family 'TimesNewRoman(0)' created for font 'Times New Roman' with
. options [Mapping=tex-text,].
. 
. This font family consists of the following shapes:
. 
. * 'normal' with NFSS spec.:
. <->"Times New Roman/ICU:script=latn;language=DFLT;mapping=tex-text;"
. 
. * 'small caps' with NFSS spec.:
. <->"Times New Roman/ICU:script=latn;language=DFLT;mapping=tex-text;+smcp;"
. 
. * 'bold' with NFSS spec.:
. <->"Times New Roman/B/ICU:script=latn;language=DFLT;mapping=tex-text;"
. 
. * 'bold small caps' with NFSS spec.:
. <->"Times New Roman/B/ICU:script=latn;language=DFLT;mapping=tex-text;+smcp;"
. 
. * 'italic' with NFSS spec.:
. <->"Times New Roman/I/ICU:script=latn;language=DFLT;mapping=tex-text;"
. 
. * 'italic small caps' with NFSS spec.:
. <->"Times New Roman/I/ICU:script=latn;language=DFLT;mapping=tex-text;+smcp;"
. 
. * 'bold italic' with NFSS spec.:
. <->"Times New Roman/BI/ICU:script=latn;language=DFLT;mapping=tex-text;"
. 
. * 'bold italic small caps' with NFSS spec.:
. <->"Times New
. Roman/BI/ICU:script=latn;language=DFLT;mapping=tex-text;+smcp;"
.................................................
 ("C:\Documents\My Project\No.013\WR-ABS-TEMP-2015A-No.013-TJx.aux")
LaTeX Font Info:    Checking defaults for OML/cmm/m/it on input line 157.
LaTeX Font Info:    ... okay on input line 157.
LaTeX Font Info:    Checking defaults for T1/cmr/m/n on input line 157.
LaTeX Font Info:    ... okay on input line 157.
LaTeX Font Info:    Checking defaults for OT1/cmr/m/n on input line 157.
LaTeX Font Info:    ... okay on input line 157.
LaTeX Font Info:    Checking defaults for OMS/cmsy/m/n on input line 157.
LaTeX Font Info:    ... okay on input line 157.
LaTeX Font Info:    Checking defaults for OMX/cmex/m/n on input line 157.
LaTeX Font Info:    ... okay on input line 157.
LaTeX Font Info:    Checking defaults for U/cmr/m/n on input line 157.
LaTeX Font Info:    ... okay on input line 157.
LaTeX Font Info:    Checking defaults for EU1/lmr/m/n on input line 157.
LaTeX Font Info:    ... okay on input line 157.
LaTeX Font Info:    Checking defaults for T3/cmr/m/n on input line 157.
LaTeX Font Info:    Try loading font information for T3+cmr on input line 157.

(C:\CTEX\MiKTeX\tex\latex\tipa\t3cmr.fd
File: t3cmr.fd 2001/12/31 TIPA font definitions
)
LaTeX Font Info:    ... okay on input line 157.
Requested font "å^^8d^^8eæ^^96^^87å®^^8bä½^^93/ICU:mapping=tex-text;" at 
12.0pt
 -> C:/WINDOWS/Fonts/STSONG.TTF

*geometry* detected driver: pdftex
*geometry* verbose mode - [ preamble ] result:
* driver: pdftex
* paper: letterpaper
* layout: <same size as paper>
* layoutoffset:(h,v)=(0.0pt,0.0pt)
* modes: 
* h-part:(L,W,R)=(92.14519pt, 430.00462pt, 92.14519pt)
* v-part:(T,H,B)=(95.39737pt, 556.47656pt, 143.09605pt)
* \paperwidth=614.295pt
* \paperheight=794.96999pt
* \textwidth=486.91013pt
* \textheight=613.38206pt
* \oddsidemargin=19.8752pt
* \evensidemargin=19.8752pt
* \topmargin=-13.87262pt
* \headheight=12.0pt
* \headsep=25.0pt
* \topskip=12.0pt
* \footskip=30.0pt
* \marginparwidth=44.0pt
* \marginparsep=10.0pt
* \columnsep=30.0pt
* \skip\footins=10.8pt plus 4.0pt minus 2.0pt
* \hoffset=-28.45274pt
* \voffset=-28.45274pt
* \mag=1000
* \@twocolumnfalse
* \@twosidefalse
* \@mparswitchfalse
* \@reversemarginfalse
* (1in=72.27pt=25.4mm, 1cm=28.453pt)

\c@lstlisting=\count311
.................................................
. fontspec info: "setup-math"
. 
. Adjusting the maths setup (use [no-math] to avoid this).
.................................................
\symlegacymaths=\mathgroup11
LaTeX Font Info:    Overwriting symbol font `legacymaths' in version `bold'
(Font)                  OT1/cmr/m/n --> OT1/cmr/bx/n on input line 157.
LaTeX Font Info:    Redeclaring math accent \acute on input line 157.
LaTeX Font Info:    Redeclaring math accent \grave on input line 157.
LaTeX Font Info:    Redeclaring math accent \ddot on input line 157.
LaTeX Font Info:    Redeclaring math accent \tilde on input line 157.
LaTeX Font Info:    Redeclaring math accent \bar on input line 157.
LaTeX Font Info:    Redeclaring math accent \breve on input line 157.
LaTeX Font Info:    Redeclaring math accent \check on input line 157.
LaTeX Font Info:    Redeclaring math accent \hat on input line 157.
LaTeX Font Info:    Redeclaring math accent \dot on input line 157.
LaTeX Font Info:    Redeclaring math accent \mathring on input line 157.
LaTeX Font Info:    Redeclaring math symbol \Gamma on input line 157.
LaTeX Font Info:    Redeclaring math symbol \Delta on input line 157.
LaTeX Font Info:    Redeclaring math symbol \Theta on input line 157.
LaTeX Font Info:    Redeclaring math symbol \Lambda on input line 157.
LaTeX Font Info:    Redeclaring math symbol \Xi on input line 157.
LaTeX Font Info:    Redeclaring math symbol \Pi on input line 157.
LaTeX Font Info:    Redeclaring math symbol \Sigma on input line 157.
LaTeX Font Info:    Redeclaring math symbol \Upsilon on input line 157.
LaTeX Font Info:    Redeclaring math symbol \Phi on input line 157.
LaTeX Font Info:    Redeclaring math symbol \Psi on input line 157.
LaTeX Font Info:    Redeclaring math symbol \Omega on input line 157.
LaTeX Font Info:    Redeclaring math symbol \mathdollar on input line 157.
LaTeX Font Info:    Redeclaring symbol font `operators' on input line 157.
LaTeX Font Info:    Encoding `OT1' has changed to `EU1' for symbol font
(Font)              `operators' in the math version `normal' on input line 157.

LaTeX Font Info:    Overwriting symbol font `operators' in version `normal'
(Font)                  OT1/cmr/m/n --> EU1/华文宋体(0)/m/n on input line 1
57.
LaTeX Font Info:    Encoding `OT1' has changed to `EU1' for symbol font
(Font)              `operators' in the math version `bold' on input line 157.
LaTeX Font Info:    Overwriting symbol font `operators' in version `bold'
(Font)                  OT1/cmr/bx/n --> EU1/华文宋体(0)/m/n on input line 
157.
LaTeX Font Info:    Overwriting symbol font `operators' in version `normal'
(Font)                  EU1/华文宋体(0)/m/n --> EU1/华文宋体(0)/m/n on 
input line 157.
LaTeX Font Info:    Overwriting math alphabet `\mathrm' in version `normal'
(Font)                  EU1/华文宋体(0)/m/n --> EU1/华文宋体(0)/m/n on 
input line 157.
LaTeX Font Info:    Overwriting math alphabet `\mathit' in version `normal'
(Font)                  OT1/cmr/m/it --> EU1/华文宋体(0)/m/it on input line
 157.
LaTeX Font Info:    Overwriting math alphabet `\mathbf' in version `normal'
(Font)                  OT1/cmr/bx/n --> EU1/华文宋体(0)/bx/n on input line
 157.
LaTeX Font Info:    Overwriting math alphabet `\mathsf' in version `normal'
(Font)                  OT1/cmss/m/n --> EU1/lmss/m/n on input line 157.
LaTeX Font Info:    Overwriting math alphabet `\mathtt' in version `normal'
(Font)                  OT1/cmtt/m/n --> EU1/lmtt/m/n on input line 157.
LaTeX Font Info:    Overwriting symbol font `operators' in version `bold'
(Font)                  EU1/华文宋体(0)/m/n --> EU1/华文宋体(0)/bx/n on
 input line 157.
LaTeX Font Info:    Overwriting math alphabet `\mathrm' in version `bold'
(Font)                  EU1/华文宋体(0)/m/n --> EU1/华文宋体(0)/bx/n on
 input line 157.
LaTeX Font Info:    Overwriting math alphabet `\mathit' in version `bold'
(Font)                  OT1/cmr/bx/it --> EU1/华文宋体(0)/bx/it on input li
ne 157.
LaTeX Font Info:    Overwriting math alphabet `\mathsf' in version `bold'
(Font)                  OT1/cmss/bx/n --> EU1/lmss/bx/n on input line 157.
LaTeX Font Info:    Overwriting math alphabet `\mathtt' in version `bold'
(Font)                  OT1/cmtt/m/n --> EU1/lmtt/bx/n on input line 157.
Requested font "å^^8d^^8eæ^^96^^87å®^^8bä½^^93/ICU:mapping=tex-text;" at 
20.74pt
 -> C:/WINDOWS/Fonts/STSONG.TTF
Requested font "å¾®è½¯é^^9b^^85é»^^91/ICU:script=latn;language=DFLT;ma
pping=tex-text;" at 20.74pt
 -> C:/WINDOWS/Fonts/msyh.ttc
Requested font "å^^8d^^8eæ^^96^^87å®^^8bä½^^93/ICU:mapping=tex-text;" at 
14.4pt
 -> C:/WINDOWS/Fonts/STSONG.TTF
Requested font "å^^8d^^8eæ^^96^^87å®^^8bä½^^93/ICU:mapping=tex-text;" at 
7.0pt
 -> C:/WINDOWS/Fonts/STSONG.TTF
Requested font "cmmi12" at 14.4pt
 -> cmmi12
Requested font "cmsy10" at 14.4pt
 -> cmsy10
Requested font "cmex10" at 14.4pt
 -> cmex10
Requested font "cmex7" at 7.0pt
 -> cmex7
LaTeX Font Info:    Try loading font information for U+lasy on input line 158.
(C:\CTEX\MiKTeX\tex\latex\base\ulasy.fd
File: ulasy.fd 1998/08/17 v2.2e LaTeX symbol font definitions
)
Requested font "lasy10" at 14.4pt
 -> lasy10
Requested font "lasy10" at 10.0pt
 -> lasy10
Requested font "lasy7" at 7.0pt
 -> lasy7
Requested font "cmbx12" at 14.4pt
 -> cmbx12
Requested font "cmbx10" at 10.0pt
 -> cmbx10
Requested font "cmbx7" at 7.0pt
 -> cmbx7
Requested font "cmmib10" at 14.4pt
 -> cmmib10
Requested font "cmmib10" at 10.0pt
 -> cmmib10
Requested font "cmmib7" at 7.0pt
 -> cmmib7
Requested font "cmbsy10" at 14.4pt
 -> cmbsy10
Requested font "cmbsy10" at 10.0pt
 -> cmbsy10
Requested font "cmbsy7" at 7.0pt
 -> cmbsy7
Requested font "lasyb10" at 14.4pt
 -> lasyb10
Requested font "lasyb10" at 10.0pt
 -> lasyb10
LaTeX Font Info:    Font shape `U/lasy/b/n' in size <7> not available
(Font)              Font shape `U/lasy/m/n' tried instead on input line 158.
LaTeX Font Info:    Try loading font information for U+msa on input line 158.

(C:\CTEX\MiKTeX\tex\latex\amsfonts\umsa.fd
File: umsa.fd 2009/06/22 v3.00 AMS symbols A
)
Requested font "msam10" at 14.4pt
 -> msam10
Requested font "msam10" at 10.0pt
 -> msam10
Requested font "msam7" at 7.0pt
 -> msam7
LaTeX Font Info:    Try loading font information for U+msb on input line 158.

(C:\CTEX\MiKTeX\tex\latex\amsfonts\umsb.fd
File: umsb.fd 2009/06/22 v3.00 AMS symbols B
)
Requested font "msbm10" at 14.4pt
 -> msbm10
Requested font "msbm10" at 10.0pt
 -> msbm10
Requested font "msbm7" at 7.0pt
 -> msbm7
Requested font "cmr12" at 14.4pt
 -> cmr12


Package Fancyhdr Warning: \fancyhead's `E' option without twoside option is use
less on input line 163.


Package Fancyhdr Warning: \fancyhead's `E' option without twoside option is use
less on input line 164.


Package Fancyhdr Warning: \fancyfoot's `E' option without twoside option is use
less on input line 168.


Package Fancyhdr Warning: \fancyfoot's `E' option without twoside option is use
less on input line 169.

Requested font "å^^8d^^8eæ^^96^^87å®^^8bä½^^93/ICU:mapping=tex-text;" at 
17.28pt
 -> C:/WINDOWS/Fonts/STSONG.TTF

LaTeX Font Warning: Font shape `EU1/华文宋体(0)/bx/n' undefined
(Font)              using `EU1/华文宋体(0)/m/n' instead on input line 178.

("C:\Documents\My Project\No.013\WR-ABS-TEMP-2015A-No.013-TJx.toc"
Requested font "å^^8d^^8eæ^^96^^87å®^^8bä½^^93/ICU:mapping=tex-text;" at 
12.0pt
 -> C:/WINDOWS/Fonts/STSONG.TTF
Requested font "å¾®è½¯é^^9b^^85é»^^91/B/ICU:script=latn;language=DFLT;
mapping=tex-text;" at 12.0pt
 -> C:/WINDOWS/Fonts/msyhbd.ttc
)
\tf@toc=\write3
 [1

]
Requested font "å^^8d^^8eæ^^96^^87å®^^8bä½^^93/ICU:mapping=tex-text;" at 
17.28pt
 -> C:/WINDOWS/Fonts/STSONG.TTF
Requested font "å¾®è½¯é^^9b^^85é»^^91/B/ICU:script=latn;language=DFLT;
mapping=tex-text;" at 17.28pt
 -> C:/WINDOWS/Fonts/msyhbd.ttc
Requested font "å^^8d^^8eæ^^96^^87å®^^8bä½^^93/ICU:mapping=tex-text;" at 
8.0pt
 -> C:/WINDOWS/Fonts/STSONG.TTF
Requested font "å^^8d^^8eæ^^96^^87å®^^8bä½^^93/ICU:mapping=tex-text;" at 
6.0pt
 -> C:/WINDOWS/Fonts/STSONG.TTF
Requested font "cmmi12" at 12.0pt
 -> cmmi12
Requested font "cmmi8" at 8.0pt
 -> cmmi8
Requested font "cmmi6" at 6.0pt
 -> cmmi6
Requested font "cmsy10" at 12.0pt
 -> cmsy10
Requested font "cmsy8" at 8.0pt
 -> cmsy8
Requested font "cmsy6" at 6.0pt
 -> cmsy6
Requested font "cmex10" at 12.0pt
 -> cmex10
Requested font "cmex8" at 8.0pt
 -> cmex8
Requested font "cmex7" at 6.0pt
 -> cmex7
Requested font "lasy10" at 12.0pt
 -> lasy10
Requested font "lasy8" at 8.0pt
 -> lasy8
Requested font "lasy6" at 6.0pt
 -> lasy6
Requested font "cmbx12" at 12.0pt
 -> cmbx12
Requested font "cmbx8" at 8.0pt
 -> cmbx8
Requested font "cmbx6" at 6.0pt
 -> cmbx6
Requested font "cmmib10" at 12.0pt
 -> cmmib10
Requested font "cmmib8" at 8.0pt
 -> cmmib8
Requested font "cmmib6" at 6.0pt
 -> cmmib6
Requested font "cmbsy10" at 12.0pt
 -> cmbsy10
Requested font "cmbsy8" at 8.0pt
 -> cmbsy8
Requested font "cmbsy6" at 6.0pt
 -> cmbsy6
Requested font "lasyb10" at 12.0pt
 -> lasyb10
LaTeX Font Info:    Font shape `U/lasy/b/n' in size <8> not available
(Font)              Font shape `U/lasy/m/n' tried instead on input line 193.
LaTeX Font Info:    Font shape `U/lasy/b/n' in size <6> not available
(Font)              Font shape `U/lasy/m/n' tried instead on input line 193.
Requested font "msam10" at 12.0pt
 -> msam10
Requested font "msam10" at 8.0pt
 -> msam10
Requested font "msam7" at 6.0pt
 -> msam7
Requested font "msbm10" at 12.0pt
 -> msbm10
Requested font "msbm10" at 8.0pt
 -> msbm10
Requested font "msbm7" at 6.0pt
 -> msbm7
Requested font "cmr8" at 8.0pt
 -> cmr8
Requested font "cmr6" at 6.0pt
 -> cmr6


LaTeX Warning: Command \nobreakspace invalid in math mode on input line 194.


LaTeX Warning: Command \nobreakspace invalid in math mode on input line 194.


LaTeX Warning: Command \nobreakspace invalid in math mode on input line 194.


LaTeX Warning: Command \nobreakspace invalid in math mode on input line 194.


LaTeX Warning: Command \nobreakspace invalid in math mode on input line 194.


LaTeX Warning: Command \nobreakspace invalid in math mode on input line 194.


LaTeX Warning: Command \nobreakspace invalid in math mode on input line 194.


LaTeX Warning: Command \nobreakspace invalid in math mode on input line 194.


LaTeX Warning: Command \nobreakspace invalid in math mode on input line 194.


LaTeX Warning: Command \nobreakspace invalid in math mode on input line 198.


LaTeX Warning: Command \nobreakspace invalid in math mode on input line 198.


LaTeX Warning: Command \nobreakspace invalid in math mode on input line 198.


LaTeX Warning: Command \nobreakspace invalid in math mode on input line 198.


LaTeX Warning: Command \nobreakspace invalid in math mode on input line 198.


LaTeX Warning: Command \nobreakspace invalid in math mode on input line 198.


LaTeX Warning: Command \nobreakspace invalid in math mode on input line 198.


LaTeX Warning: Command \nobreakspace invalid in math mode on input line 198.


LaTeX Warning: Command \nobreakspace invalid in math mode on input line 198.


LaTeX Warning: Command \nobreakspace invalid in math mode on input line 198.


LaTeX Warning: Command \nobreakspace invalid in math mode on input line 203.


LaTeX Warning: Command \nobreakspace invalid in math mode on input line 203.


LaTeX Warning: Command \nobreakspace invalid in math mode on input line 203.


LaTeX Warning: Command \nobreakspace invalid in math mode on input line 203.


LaTeX Warning: Command \nobreakspace invalid in math mode on input line 203.


LaTeX Warning: Command \nobreakspace invalid in math mode on input line 203.


LaTeX Warning: Command \nobreakspace invalid in math mode on input line 203.


LaTeX Warning: Command \nobreakspace invalid in math mode on input line 203.


LaTeX Warning: Command \nobreakspace invalid in math mode on input line 203.


LaTeX Warning: Command \nobreakspace invalid in math mode on input line 203.


LaTeX Warning: Command \nobreakspace invalid in math mode on input line 203.


LaTeX Warning: Command \nobreakspace invalid in math mode on input line 203.


LaTeX Warning: Command \nobreakspace invalid in math mode on input line 203.


LaTeX Warning: Command \nobreakspace invalid in math mode on input line 206.


LaTeX Warning: Command \nobreakspace invalid in math mode on input line 206.


LaTeX Warning: Command \nobreakspace invalid in math mode on input line 206.


LaTeX Warning: Command \nobreakspace invalid in math mode on input line 206.


LaTeX Warning: Command \nobreakspace invalid in math mode on input line 206.


LaTeX Warning: Command \nobreakspace invalid in math mode on input line 206.


LaTeX Warning: Command \nobreakspace invalid in math mode on input line 206.


LaTeX Warning: Command \nobreakspace invalid in math mode on input line 206.


LaTeX Warning: Command \nobreakspace invalid in math mode on input line 206.


LaTeX Warning: Command \nobreakspace invalid in math mode on input line 206.


LaTeX Warning: Command \nobreakspace invalid in math mode on input line 206.


LaTeX Warning: Command \nobreakspace invalid in math mode on input line 206.


LaTeX Warning: Command \nobreakspace invalid in math mode on input line 206.

Requested font "å¾®è½¯é^^9b^^85é»^^91/ICU:script=latn;language=DFLT;ma
pping=tex-text;" at 12.0pt
 -> C:/WINDOWS/Fonts/msyh.ttc

Package Fancyhdr Warning: \headheight is too small (12.0pt): 
 Make it at least 14.49998pt.
 We now make it that large for the rest of the document.
 This may cause the page layout to be inconsistent, however.

[2] [3]
File: 1.jpg Graphic file (type QTm)
 <use  "1.jpg" >
No file WR-ABS-TEMP-2015A-No.013-TJx.bbl.
[4] ("C:\Documents\My Project\No.013\WR-ABS-TEMP-2015A-No.013-TJx.aux")

LaTeX Font Warning: Some font shapes were not available, defaults substituted.

 )
(\end occurred inside a group at level 1)

### simple group (level 1) entered at line 1061 ({)
### bottom level 
Here is how much of TeX's memory you used:
 18416 strings out of 430478
 358090 string characters out of 3191501
 402585 words of memory out of 3000000
 21273 multiletter control sequences out of 15000+200000
 18314 words of font info for 104 fonts, out of 3000000 for 9000
 14 hyphenation exceptions out of 8191
 39i,11n,43p,812b,1559s stack positions out of 5000i,500n,10000p,200000b,50000s

Output written on WR-ABS-TEMP-2015A-No.013-TJx.pdf (4 pages).
